Using pre-set license
Built from '2020.3/staging' branch; Version is '2020.3.11f1 (99c7afb366b3) revision 10078127'; Using compiler version '192528614'; Build Type 'Release'
OS: 'Windows 10 Pro; OS build 18363.1556; Version 1909; 64bit' Language: 'en' Physical Memory: 32679 MB
BatchMode: 1, IsHumanControllingUs: 0, StartBugReporterOnCrash: 0, Is64bit: 1, IsPro: 0

 COMMAND LINE ARGUMENTS:
C:\Program Files (x86)\Microsoft Visual Studio Tools for Unity\16.0\Editor\2020.3.11f1\Editor\Unity.exe
-adb2
-batchMode
-noUpm
-name
AssetImportWorker0
-projectPath
C:/Users/kkrup/Documents/Unity Projects/homework 2/HW2_Dominos
-logFile
Logs/AssetImportWorker0.log
-srvPort
53579
Successfully changed project path to: C:/Users/kkrup/Documents/Unity Projects/homework 2/HW2_Dominos
C:/Users/kkrup/Documents/Unity Projects/homework 2/HW2_Dominos
Using Asset Import Pipeline V2.
Refreshing native plugins compatible for Editor in 24.81 ms, found 2 plugins.
Preloading 0 native plugins for Editor in 0.00 ms.
Initialize engine version: 2020.3.11f1 (99c7afb366b3)
[Subsystems] Discovering subsystems at path C:/Program Files (x86)/Microsoft Visual Studio Tools for Unity/16.0/Editor/2020.3.11f1/Editor/Data/Resources/UnitySubsystems
[Subsystems] Discovering subsystems at path C:/Users/kkrup/Documents/Unity Projects/homework 2/HW2_Dominos/Assets
GfxDevice: creating device client; threaded=0
Direct3D:
    Version:  Direct3D 11.0 [level 11.1]
    Renderer: NVIDIA GeForce RTX 2070 (ID=0x1f07)
    Vendor:   
    VRAM:     8031 MB
    Driver:   27.21.14.6079
Initialize mono
Mono path[0] = 'C:/Program Files (x86)/Microsoft Visual Studio Tools for Unity/16.0/Editor/2020.3.11f1/Editor/Data/Managed'
Mono path[1] = 'C:/Program Files (x86)/Microsoft Visual Studio Tools for Unity/16.0/Editor/2020.3.11f1/Editor/Data/MonoBleedingEdge/lib/mono/unityjit'
Mono config path = 'C:/Program Files (x86)/Microsoft Visual Studio Tools for Unity/16.0/Editor/2020.3.11f1/Editor/Data/MonoBleedingEdge/etc'
Using monoOptions --debugger-agent=transport=dt_socket,embedding=1,server=y,suspend=n,address=127.0.0.1:56984
Begin MonoManager ReloadAssembly
Registering precompiled unity dll's ...
Register platform support module: C:/Program Files (x86)/Microsoft Visual Studio Tools for Unity/16.0/Editor/2020.3.11f1/Editor/Data/PlaybackEngines/WindowsStandaloneSupport/UnityEditor.WindowsStandalone.Extensions.dll
Registered in 0.001859 seconds.
Native extension for WindowsStandalone target not found
Refreshing native plugins compatible for Editor in 26.23 ms, found 2 plugins.
Preloading 0 native plugins for Editor in 0.00 ms.
Mono: successfully reloaded assembly
- Completed reload, in  0.917 seconds
Platform modules already initialized, skipping
Registering precompiled user dll's ...
Registered in 0.003821 seconds.
Begin MonoManager ReloadAssembly
Native extension for WindowsStandalone target not found
Refreshing native plugins compatible for Editor in 0.24 ms, found 2 plugins.
Preloading 0 native plugins for Editor in 0.00 ms.
Mono: successfully reloaded assembly
- Completed reload, in  0.815 seconds
Platform modules already initialized, skipping
========================================================================
Worker process is ready to serve import requests
Launched and connected shader compiler UnityShaderCompiler.exe after 0.04 seconds
Refreshing native plugins compatible for Editor in 0.24 ms, found 2 plugins.
Preloading 0 native plugins for Editor in 0.00 ms.
Unloading 1462 Unused Serialized files (Serialized files now loaded: 0)
System memory in use before: 66.9 MB.
System memory in use after: 67.0 MB.

Unloading 22 unused Assets to reduce memory usage. Loaded Objects now: 1899.
Total: 1.727400 ms (FindLiveObjects: 0.123700 ms CreateObjectMapping: 0.033400 ms MarkObjects: 1.479500 ms  DeleteObjects: 0.089900 ms)

========================================================================
Received Import Request.
  path: Assets/scripts/Domino.cs
  artifactKey: Guid(cb08eac608898495391c28d1140ce632) Importer(815301076,1909f56bfc062723c751e8b465ee728b)
Start importing Assets/scripts/Domino.cs using Guid(cb08eac608898495391c28d1140ce632) Importer(815301076,1909f56bfc062723c751e8b465ee728b)  -> (artifact id: '03134bf5499be56a426f5dba5691ae5a') in 0.036778 seconds
  Import took 0.039498 seconds .

========================================================================
Received Import Request.
  Time since last request: 533.895525 seconds.
  path: Assets/sprites/back-side.jpg
  artifactKey: Guid(6c1b7b7bc9622400da929dd9963f932a) Importer(815301076,1909f56bfc062723c751e8b465ee728b)
Start importing Assets/sprites/back-side.jpg using Guid(6c1b7b7bc9622400da929dd9963f932a) Importer(815301076,1909f56bfc062723c751e8b465ee728b)  -> (artifact id: '8719e3b203ca43f3236155d71b64e1f9') in 0.073221 seconds
  Import took 0.075689 seconds .

========================================================================
Received Import Request.
  Time since last request: 0.000250 seconds.
  path: Assets/sprites/fleur-de-lis.png
  artifactKey: Guid(9554c481df72e44b783b50d2ef15ca72) Importer(815301076,1909f56bfc062723c751e8b465ee728b)
Start importing Assets/sprites/fleur-de-lis.png using Guid(9554c481df72e44b783b50d2ef15ca72) Importer(815301076,1909f56bfc062723c751e8b465ee728b)  -> (artifact id: 'db5b112133c228bc7276669608140344') in 0.037084 seconds
  Import took 0.039065 seconds .

========================================================================
Received Import Request.
  Time since last request: 0.000231 seconds.
  path: Assets/sprites/dom_4-6.jpg
  artifactKey: Guid(1e75cfb2a8a2f4bc89cac851afef4fae) Importer(815301076,1909f56bfc062723c751e8b465ee728b)
Start importing Assets/sprites/dom_4-6.jpg using Guid(1e75cfb2a8a2f4bc89cac851afef4fae) Importer(815301076,1909f56bfc062723c751e8b465ee728b)  -> (artifact id: 'b9dd180496577620ad3cb50cddc373a8') in 0.014476 seconds
  Import took 0.016506 seconds .

========================================================================
Received Import Request.
  Time since last request: 0.000233 seconds.
  path: Assets/sprites/dom_3-1.jpg
  artifactKey: Guid(39c7d878688f54c39a7b1b7b8e49bb8d) Importer(815301076,1909f56bfc062723c751e8b465ee728b)
Start importing Assets/sprites/dom_3-1.jpg using Guid(39c7d878688f54c39a7b1b7b8e49bb8d) Importer(815301076,1909f56bfc062723c751e8b465ee728b)  -> (artifact id: '2134f757650967ba0a5cb3e7325307c4') in 0.017430 seconds
  Import took 0.019827 seconds .

========================================================================
Received Import Request.
  Time since last request: 0.000159 seconds.
  path: Assets/sprites/dom_2-5.jpg
  artifactKey: Guid(12f9e162b0f3746879ac228b6192ec23) Importer(815301076,1909f56bfc062723c751e8b465ee728b)
Start importing Assets/sprites/dom_2-5.jpg using Guid(12f9e162b0f3746879ac228b6192ec23) Importer(815301076,1909f56bfc062723c751e8b465ee728b)  -> (artifact id: '9f510be6454c0960dece982905d0a93a') in 0.011057 seconds
  Import took 0.013399 seconds .

========================================================================
Received Import Request.
  Time since last request: 0.000181 seconds.
  path: Assets/sprites/dom_5-4.jpg
  artifactKey: Guid(e8497cf14241a4f6994d9aa5f6e4092a) Importer(815301076,1909f56bfc062723c751e8b465ee728b)
Start importing Assets/sprites/dom_5-4.jpg using Guid(e8497cf14241a4f6994d9aa5f6e4092a) Importer(815301076,1909f56bfc062723c751e8b465ee728b)  -> (artifact id: '52fb850651361a6a0c88637ae150de1a') in 0.015108 seconds
  Import took 0.017396 seconds .

========================================================================
Received Import Request.
  Time since last request: 338.680564 seconds.
  path: Assets/prefabs/Domino.prefab
  artifactKey: Guid(2f574d99f24034ee585d36720ede84e3) Importer(815301076,1909f56bfc062723c751e8b465ee728b)
Start importing Assets/prefabs/Domino.prefab using Guid(2f574d99f24034ee585d36720ede84e3) Importer(815301076,1909f56bfc062723c751e8b465ee728b)  -> (artifact id: '4169c1b2aba0c8f31409d0de6fcf0596') in 0.036027 seconds
  Import took 0.039646 seconds .

========================================================================
Received Import Request.
  Time since last request: 569.302227 seconds.
  path: Assets/scripts/DominoHandTally.cs
  artifactKey: Guid(afe2be23bd4514a22ab3e5df806b79a9) Importer(815301076,1909f56bfc062723c751e8b465ee728b)
Start importing Assets/scripts/DominoHandTally.cs using Guid(afe2be23bd4514a22ab3e5df806b79a9) Importer(815301076,1909f56bfc062723c751e8b465ee728b)  -> (artifact id: 'cc15eef2622ca890b1c8b9b315c9bd16') in 0.006539 seconds
  Import took 0.009054 seconds .

========================================================================
Received Prepare
Registering precompiled user dll's ...
Registered in 0.003840 seconds.
Begin MonoManager ReloadAssembly
Native extension for WindowsStandalone target not found
Refreshing native plugins compatible for Editor in 0.25 ms, found 2 plugins.
Preloading 0 native plugins for Editor in 0.00 ms.
Mono: successfully reloaded assembly
- Completed reload, in  0.777 seconds
Platform modules already initialized, skipping
Refreshing native plugins compatible for Editor in 0.26 ms, found 2 plugins.
Preloading 0 native plugins for Editor in 0.00 ms.
Unloading 1457 Unused Serialized files (Serialized files now loaded: 0)
System memory in use before: 70.0 MB.
System memory in use after: 70.1 MB.

Unloading 13 unused Assets to reduce memory usage. Loaded Objects now: 1914.
Total: 1.596200 ms (FindLiveObjects: 0.136200 ms CreateObjectMapping: 0.038700 ms MarkObjects: 1.406400 ms  DeleteObjects: 0.014100 ms)

========================================================================
Received Import Request.
  Time since last request: 244.784249 seconds.
  path: Assets/scripts/DominoHandTally.cs
  artifactKey: Guid(afe2be23bd4514a22ab3e5df806b79a9) Importer(815301076,1909f56bfc062723c751e8b465ee728b)
Start importing Assets/scripts/DominoHandTally.cs using Guid(afe2be23bd4514a22ab3e5df806b79a9) Importer(815301076,1909f56bfc062723c751e8b465ee728b)  -> (artifact id: '83f415f34e5a71d2b5e2ea6b267eb3cc') in 0.007151 seconds
  Import took 0.009276 seconds .

========================================================================
Received Prepare
Registering precompiled user dll's ...
Registered in 0.004366 seconds.
Begin MonoManager ReloadAssembly
Native extension for WindowsStandalone target not found
Refreshing native plugins compatible for Editor in 0.24 ms, found 2 plugins.
Preloading 0 native plugins for Editor in 0.00 ms.
Mono: successfully reloaded assembly
- Completed reload, in  0.797 seconds
Platform modules already initialized, skipping
Refreshing native plugins compatible for Editor in 0.25 ms, found 2 plugins.
Preloading 0 native plugins for Editor in 0.00 ms.
Unloading 1457 Unused Serialized files (Serialized files now loaded: 0)
System memory in use before: 70.0 MB.
System memory in use after: 70.1 MB.

Unloading 13 unused Assets to reduce memory usage. Loaded Objects now: 1917.
Total: 1.426200 ms (FindLiveObjects: 0.110400 ms CreateObjectMapping: 0.034700 ms MarkObjects: 1.268200 ms  DeleteObjects: 0.012200 ms)

========================================================================
Received Import Request.
  Time since last request: 266.657917 seconds.
  path: Assets/scripts/DominoHandTally.cs
  artifactKey: Guid(afe2be23bd4514a22ab3e5df806b79a9) Importer(815301076,1909f56bfc062723c751e8b465ee728b)
Start importing Assets/scripts/DominoHandTally.cs using Guid(afe2be23bd4514a22ab3e5df806b79a9) Importer(815301076,1909f56bfc062723c751e8b465ee728b)  -> (artifact id: '2403dec3bedd1c6ba22abf2deb28e069') in 0.005229 seconds
  Import took 0.007301 seconds .

========================================================================
Received Prepare
Registering precompiled user dll's ...
Registered in 0.003536 seconds.
Begin MonoManager ReloadAssembly
Native extension for WindowsStandalone target not found
Refreshing native plugins compatible for Editor in 0.25 ms, found 2 plugins.
Preloading 0 native plugins for Editor in 0.00 ms.
Mono: successfully reloaded assembly
- Completed reload, in  0.778 seconds
Platform modules already initialized, skipping
Refreshing native plugins compatible for Editor in 0.26 ms, found 2 plugins.
Preloading 0 native plugins for Editor in 0.00 ms.
Unloading 1457 Unused Serialized files (Serialized files now loaded: 0)
System memory in use before: 70.1 MB.
System memory in use after: 70.2 MB.

Unloading 13 unused Assets to reduce memory usage. Loaded Objects now: 1920.
Total: 1.500500 ms (FindLiveObjects: 0.116100 ms CreateObjectMapping: 0.032200 ms MarkObjects: 1.339000 ms  DeleteObjects: 0.012700 ms)

========================================================================
Received Prepare
Registering precompiled user dll's ...
Registered in 0.003848 seconds.
Begin MonoManager ReloadAssembly
Native extension for WindowsStandalone target not found
Refreshing native plugins compatible for Editor in 0.38 ms, found 2 plugins.
Preloading 0 native plugins for Editor in 0.00 ms.
Mono: successfully reloaded assembly
- Completed reload, in  0.798 seconds
Platform modules already initialized, skipping
Refreshing native plugins compatible for Editor in 0.25 ms, found 2 plugins.
Preloading 0 native plugins for Editor in 0.00 ms.
Unloading 1457 Unused Serialized files (Serialized files now loaded: 0)
System memory in use before: 70.1 MB.
System memory in use after: 70.2 MB.

Unloading 13 unused Assets to reduce memory usage. Loaded Objects now: 1923.
Total: 1.428900 ms (FindLiveObjects: 0.126100 ms CreateObjectMapping: 0.041500 ms MarkObjects: 1.247200 ms  DeleteObjects: 0.013300 ms)

========================================================================
Received Prepare
Registering precompiled user dll's ...
Registered in 0.003640 seconds.
Begin MonoManager ReloadAssembly
Native extension for WindowsStandalone target not found
Refreshing native plugins compatible for Editor in 0.25 ms, found 2 plugins.
Preloading 0 native plugins for Editor in 0.00 ms.
Mono: successfully reloaded assembly
- Completed reload, in  0.755 seconds
Platform modules already initialized, skipping
Refreshing native plugins compatible for Editor in 0.25 ms, found 2 plugins.
Preloading 0 native plugins for Editor in 0.00 ms.
Unloading 1457 Unused Serialized files (Serialized files now loaded: 0)
System memory in use before: 70.1 MB.
System memory in use after: 70.2 MB.

Unloading 13 unused Assets to reduce memory usage. Loaded Objects now: 1926.
Total: 1.506300 ms (FindLiveObjects: 0.113800 ms CreateObjectMapping: 0.036100 ms MarkObjects: 1.336600 ms  DeleteObjects: 0.018600 ms)

========================================================================
Received Prepare
Registering precompiled user dll's ...
Registered in 0.003822 seconds.
Begin MonoManager ReloadAssembly
Native extension for WindowsStandalone target not found
Refreshing native plugins compatible for Editor in 0.24 ms, found 2 plugins.
Preloading 0 native plugins for Editor in 0.00 ms.
Mono: successfully reloaded assembly
- Completed reload, in  0.763 seconds
Platform modules already initialized, skipping
Refreshing native plugins compatible for Editor in 0.25 ms, found 2 plugins.
Preloading 0 native plugins for Editor in 0.00 ms.
Unloading 1457 Unused Serialized files (Serialized files now loaded: 0)
System memory in use before: 70.1 MB.
System memory in use after: 70.2 MB.

Unloading 13 unused Assets to reduce memory usage. Loaded Objects now: 1929.
Total: 1.707800 ms (FindLiveObjects: 0.124700 ms CreateObjectMapping: 0.035400 ms MarkObjects: 1.533600 ms  DeleteObjects: 0.013300 ms)

========================================================================
Received Prepare
Registering precompiled user dll's ...
Registered in 0.005101 seconds.
Begin MonoManager ReloadAssembly
Native extension for WindowsStandalone target not found
Refreshing native plugins compatible for Editor in 0.25 ms, found 2 plugins.
Preloading 0 native plugins for Editor in 0.00 ms.
Mono: successfully reloaded assembly
- Completed reload, in  0.858 seconds
Platform modules already initialized, skipping
Refreshing native plugins compatible for Editor in 0.26 ms, found 2 plugins.
Preloading 0 native plugins for Editor in 0.00 ms.
Unloading 1457 Unused Serialized files (Serialized files now loaded: 0)
System memory in use before: 70.1 MB.
System memory in use after: 70.2 MB.

Unloading 13 unused Assets to reduce memory usage. Loaded Objects now: 1932.
Total: 1.453700 ms (FindLiveObjects: 0.114600 ms CreateObjectMapping: 0.035900 ms MarkObjects: 1.289000 ms  DeleteObjects: 0.013500 ms)

========================================================================
Received Prepare
Registering precompiled user dll's ...
Registered in 0.003614 seconds.
Begin MonoManager ReloadAssembly
Native extension for WindowsStandalone target not found
Refreshing native plugins compatible for Editor in 0.24 ms, found 2 plugins.
Preloading 0 native plugins for Editor in 0.00 ms.
Mono: successfully reloaded assembly
- Completed reload, in  0.750 seconds
Platform modules already initialized, skipping
Refreshing native plugins compatible for Editor in 0.25 ms, found 2 plugins.
Preloading 0 native plugins for Editor in 0.00 ms.
Unloading 1457 Unused Serialized files (Serialized files now loaded: 0)
System memory in use before: 70.1 MB.
System memory in use after: 70.2 MB.

Unloading 13 unused Assets to reduce memory usage. Loaded Objects now: 1935.
Total: 1.542700 ms (FindLiveObjects: 0.110900 ms CreateObjectMapping: 0.034400 ms MarkObjects: 1.384300 ms  DeleteObjects: 0.012400 ms)

========================================================================
Received Prepare
Registering precompiled user dll's ...
Registered in 0.003617 seconds.
Begin MonoManager ReloadAssembly
Native extension for WindowsStandalone target not found
Refreshing native plugins compatible for Editor in 0.28 ms, found 2 plugins.
Preloading 0 native plugins for Editor in 0.00 ms.
Mono: successfully reloaded assembly
- Completed reload, in  0.772 seconds
Platform modules already initialized, skipping
Refreshing native plugins compatible for Editor in 0.26 ms, found 2 plugins.
Preloading 0 native plugins for Editor in 0.00 ms.
Unloading 1457 Unused Serialized files (Serialized files now loaded: 0)
System memory in use before: 70.1 MB.
System memory in use after: 70.2 MB.

Unloading 13 unused Assets to reduce memory usage. Loaded Objects now: 1938.
Total: 1.644300 ms (FindLiveObjects: 0.109000 ms CreateObjectMapping: 0.035000 ms MarkObjects: 1.486700 ms  DeleteObjects: 0.012900 ms)

========================================================================
Received Import Request.
  Time since last request: 1029.511240 seconds.
  path: Assets/scripts/DominoHandTally.cs
  artifactKey: Guid(afe2be23bd4514a22ab3e5df806b79a9) Importer(815301076,1909f56bfc062723c751e8b465ee728b)
Start importing Assets/scripts/DominoHandTally.cs using Guid(afe2be23bd4514a22ab3e5df806b79a9) Importer(815301076,1909f56bfc062723c751e8b465ee728b)  -> (artifact id: 'c29bd0a360eef84e775ad2aab90a4fb5') in 0.005439 seconds
  Import took 0.007772 seconds .

========================================================================
Received Import Request.
  Time since last request: 23.342334 seconds.
  path: Assets/scripts/DominoHandTally.cs
  artifactKey: Guid(afe2be23bd4514a22ab3e5df806b79a9) Importer(815301076,1909f56bfc062723c751e8b465ee728b)
Start importing Assets/scripts/DominoHandTally.cs using Guid(afe2be23bd4514a22ab3e5df806b79a9) Importer(815301076,1909f56bfc062723c751e8b465ee728b)  -> (artifact id: '3b591ea37825aeec2cd0103dec1fe7df') in 0.003249 seconds
  Import took 0.006660 seconds .

========================================================================
Received Prepare
Registering precompiled user dll's ...
Registered in 0.003570 seconds.
Begin MonoManager ReloadAssembly
Native extension for WindowsStandalone target not found
Refreshing native plugins compatible for Editor in 0.25 ms, found 2 plugins.
Preloading 0 native plugins for Editor in 0.00 ms.
Mono: successfully reloaded assembly
- Completed reload, in  0.746 seconds
Platform modules already initialized, skipping
Refreshing native plugins compatible for Editor in 0.28 ms, found 2 plugins.
Preloading 0 native plugins for Editor in 0.00 ms.
Unloading 1457 Unused Serialized files (Serialized files now loaded: 0)
System memory in use before: 70.1 MB.
System memory in use after: 70.2 MB.

Unloading 13 unused Assets to reduce memory usage. Loaded Objects now: 1941.
Total: 1.636000 ms (FindLiveObjects: 0.136000 ms CreateObjectMapping: 0.035400 ms MarkObjects: 1.444300 ms  DeleteObjects: 0.019500 ms)

========================================================================
Received Prepare
Registering precompiled user dll's ...
Registered in 0.003837 seconds.
Begin MonoManager ReloadAssembly
Native extension for WindowsStandalone target not found
Refreshing native plugins compatible for Editor in 0.25 ms, found 2 plugins.
Preloading 0 native plugins for Editor in 0.00 ms.
Mono: successfully reloaded assembly
- Completed reload, in  0.857 seconds
Platform modules already initialized, skipping
Refreshing native plugins compatible for Editor in 0.24 ms, found 2 plugins.
Preloading 0 native plugins for Editor in 0.00 ms.
Unloading 1457 Unused Serialized files (Serialized files now loaded: 0)
System memory in use before: 70.1 MB.
System memory in use after: 70.2 MB.

Unloading 13 unused Assets to reduce memory usage. Loaded Objects now: 1944.
Total: 1.513400 ms (FindLiveObjects: 0.124200 ms CreateObjectMapping: 0.040200 ms MarkObjects: 1.335300 ms  DeleteObjects: 0.013000 ms)

========================================================================
Received Prepare
Registering precompiled user dll's ...
Registered in 0.003592 seconds.
Begin MonoManager ReloadAssembly
Native extension for WindowsStandalone target not found
Refreshing native plugins compatible for Editor in 0.38 ms, found 2 plugins.
Preloading 0 native plugins for Editor in 0.00 ms.
Mono: successfully reloaded assembly
- Completed reload, in  0.779 seconds
Platform modules already initialized, skipping
Refreshing native plugins compatible for Editor in 0.25 ms, found 2 plugins.
Preloading 0 native plugins for Editor in 0.00 ms.
Unloading 1457 Unused Serialized files (Serialized files now loaded: 0)
System memory in use before: 70.1 MB.
System memory in use after: 70.2 MB.

Unloading 13 unused Assets to reduce memory usage. Loaded Objects now: 1947.
Total: 1.490100 ms (FindLiveObjects: 0.116400 ms CreateObjectMapping: 0.034400 ms MarkObjects: 1.325200 ms  DeleteObjects: 0.013400 ms)

AssetImportWorkerClient::OnTransportError - code=2 error=End of file
